<?xml version="1.0" encoding="UTF-8"?>
<testng-results skipped="0" failed="0" ignored="0" total="2" passed="2">
  <reporter-output>
  </reporter-output>
  <suite name="Default suite" duration-ms="15346" started-at="2020-08-06T21:18:23 EDT" finished-at="2020-08-06T21:18:38 EDT">
    <groups>
    </groups>
    <test name="Default test" duration-ms="15346" started-at="2020-08-06T21:18:23 EDT" finished-at="2020-08-06T21:18:38 EDT">
      <class name="testAutomation.WebBrowserTest">
        <test-method status="PASS" signature="beforeClass()[pri:0, instance:testAutomation.WebBrowserTest@2a17b7b6]" name="beforeClass" is-config="true" duration-ms="11770" started-at="2020-08-06T21:18:23 EDT" finished-at="2020-08-06T21:18:35 EDT">
          <reporter-output>
          </reporter-output>
        </test-method> <!-- beforeClass -->
        <test-method status="PASS" signature="Login()[pri:0, instance:testAutomation.WebBrowserTest@2a17b7b6]" name="Login" duration-ms="2199" started-at="2020-08-06T21:18:35 EDT" finished-at="2020-08-06T21:18:37 EDT">
          <reporter-output>
          </reporter-output>
        </test-method> <!-- Login -->
        <test-method status="PASS" signature="Logout()[pri:0, instance:testAutomation.WebBrowserTest@2a17b7b6]" name="Logout" duration-ms="807" started-at="2020-08-06T21:18:37 EDT" finished-at="2020-08-06T21:18:38 EDT">
          <reporter-output>
          </reporter-output>
        </test-method> <!-- Logout -->
        <test-method status="PASS" signature="afterClass()[pri:0, instance:testAutomation.WebBrowserTest@2a17b7b6]" name="afterClass" is-config="true" duration-ms="491" started-at="2020-08-06T21:18:38 EDT" finished-at="2020-08-06T21:18:38 EDT">
          <reporter-output>
          </reporter-output>
        </test-method> <!-- afterClass -->
      </class> <!-- testAutomation.WebBrowserTest -->
    </test> <!-- Default test -->
  </suite> <!-- Default suite -->
</testng-results>
